[ERROR] 21:13:37:347 planificador/(2867:2867): 
ERROR FATAL--> No se pudo abrir el archivo de configuracion 

[ERROR] 21:15:40:785 planificador/(2961:2961): 
ERROR FATAL--> No se pudo abrir el archivo de configuracion 

[ERROR] 21:17:59:770 planificador/(3008:3008): 
ERROR FATAL--> No se pudo abrir el archivo de configuracion 

[TRACE] 19:44:16:649 planificador/(2638:2643): SOCKET LISTO PARA RECIBIR CONEXIONES. Numero de socket: 4, puerto: 4000
[TRACE] 19:44:31:556 planificador/(2673:2674): SOCKET LISTO PARA RECIBIR CONEXIONES. Numero de socket: 4, puerto: 4000
[TRACE] 19:48:55:497 planificador/(2817:2818): SOCKET LISTO PARA RECIBIR CONEXIONES. Numero de socket: 4, puerto: 4000
[TRACE] 19:49:18:865 planificador/(2887:2892): SOCKET LISTO PARA RECIBIR CONEXIONES. Numero de socket: 4, puerto: 4000
[TRACE] 20:27:33:363 planificador/(4048:4057): SOCKET LISTO PARA RECIBIR CONEXIONES. Numero de socket: 4, puerto: 4000
[TRACE] 20:29:32:764 planificador/(4159:4169): SOCKET LISTO PARA RECIBIR CONEXIONES. Numero de socket: 4, puerto: 4000
[TRACE] 21:30:44:90 planificador/(5360:5369): SOCKET LISTO PARA RECIBIR CONEXIONES. Numero de socket: 4, puerto: 4000
[TRACE] 21:31:32:773 planificador/(5457:5465): SOCKET LISTO PARA RECIBIR CONEXIONES. Numero de socket: 4, puerto: 4000
[TRACE] 21:33:58:24 planificador/(5574:5583): SOCKET LISTO PARA RECIBIR CONEXIONES. Numero de socket: 4, puerto: 4000
[TRACE] 21:34:59:867 planificador/(5712:5720): SOCKET LISTO PARA RECIBIR CONEXIONES. Numero de socket: 4, puerto: 4000
[TRACE] 21:40:26:529 planificador/(6039:6047): SOCKET LISTO PARA RECIBIR CONEXIONES. Numero de socket: 4, puerto: 4000
[TRACE] 21:42:18:518 planificador/(6128:6137): SOCKET LISTO PARA RECIBIR CONEXIONES. Numero de socket: 4, puerto: 4000
[TRACE] 21:43:17:95 planificador/(6207:6216): SOCKET LISTO PARA RECIBIR CONEXIONES. Numero de socket: 4, puerto: 4000
[TRACE] 21:53:43:889 planificador/(6533:6543): SOCKET LISTO PARA RECIBIR CONEXIONES. Numero de socket: 4, puerto: 4000
[TRACE] 21:57:10:350 planificador/(6683:6691): SOCKET LISTO PARA RECIBIR CONEXIONES. Numero de socket: 4, puerto: 4000
[TRACE] 21:59:10:271 planificador/(6780:6788): SOCKET LISTO PARA RECIBIR CONEXIONES. Numero de socket: 4, puerto: 4000
[TRACE] 22:01:32:633 planificador/(6987:6995): SOCKET LISTO PARA RECIBIR CONEXIONES. Numero de socket: 4, puerto: 4000
[TRACE] 22:03:25:816 planificador/(7083:7092): SOCKET LISTO PARA RECIBIR CONEXIONES. Numero de socket: 4, puerto: 4000
[TRACE] 22:18:52:254 planificador/(7283:7289): SOCKET LISTO PARA RECIBIR CONEXIONES. Numero de socket: 4, puerto: 4000
[TRACE] 19:57:53:571 planificador/(8429:8437): SOCKET LISTO PARA RECIBIR CONEXIONES. Numero de socket: 4, puerto: 4000
[TRACE] 19:58:55:688 planificador/(8577:8582): SOCKET LISTO PARA RECIBIR CONEXIONES. Numero de socket: 4, puerto: 4000
[TRACE] 20:01:51:790 planificador/(8796:8801): SOCKET LISTO PARA RECIBIR CONEXIONES. Numero de socket: 4, puerto: 4000
[TRACE] 20:03:21:270 planificador/(8917:8922): SOCKET LISTO PARA RECIBIR CONEXIONES. Numero de socket: 4, puerto: 4000
[TRACE] 20:30:15:873 planificador/(9076:9081): SOCKET LISTO PARA RECIBIR CONEXIONES. Numero de socket: 4, puerto: 4000
[TRACE] 20:33:36:369 planificador/(9188:9193): SOCKET LISTO PARA RECIBIR CONEXIONES. Numero de socket: 4, puerto: 4000
[TRACE] 20:41:06:568 planificador/(9367:9368): SOCKET LISTO PARA RECIBIR CONEXIONES. Numero de socket: 4, puerto: 4000
[TRACE] 20:42:15:87 planificador/(9442:9445): SOCKET LISTO PARA RECIBIR CONEXIONES. Numero de socket: 4, puerto: 4000
[ERROR] 21:08:13:26 planificador/(9679:9680): 
ERROR FATAL--> Error al hacer el Bind. El puerto está en uso 

[TRACE] 21:08:25:247 planificador/(9713:9718): SOCKET LISTO PARA RECIBIR CONEXIONES. Numero de socket: 4, puerto: 4000
[TRACE] 21:09:15:662 planificador/(9764:9766): SOCKET LISTO PARA RECIBIR CONEXIONES. Numero de socket: 4, puerto: 4000
[TRACE] 21:10:09:123 planificador/(9815:9816): SOCKET LISTO PARA RECIBIR CONEXIONES. Numero de socket: 4, puerto: 4000
[TRACE] 21:10:40:229 planificador/(9869:9870): SOCKET LISTO PARA RECIBIR CONEXIONES. Numero de socket: 4, puerto: 4000
[TRACE] 21:11:09:189 planificador/(10000:10003): SOCKET LISTO PARA RECIBIR CONEXIONES. Numero de socket: 4, puerto: 4000
[ERROR] 21:12:23:759 planificador/(10076:10077): 
ERROR FATAL--> Error al hacer el Bind. El puerto está en uso 

[TRACE] 21:12:30:766 planificador/(10109:10111): SOCKET LISTO PARA RECIBIR CONEXIONES. Numero de socket: 4, puerto: 4000
[TRACE] 21:13:15:982 planificador/(10191:10195): SOCKET LISTO PARA RECIBIR CONEXIONES. Numero de socket: 4, puerto: 4000
[TRACE] 21:14:01:993 planificador/(10265:10268): SOCKET LISTO PARA RECIBIR CONEXIONES. Numero de socket: 4, puerto: 4000
[ERROR] 21:15:44:627 planificador/(10348:10350): 
ERROR FATAL--> Error al hacer el Bind. El puerto está en uso 

[TRACE] 21:15:51:6 planificador/(10382:10383): SOCKET LISTO PARA RECIBIR CONEXIONES. Numero de socket: 4, puerto: 4000
[ERROR] 21:17:29:538 planificador/(10468:10470): 
ERROR FATAL--> Error al hacer el Bind. El puerto está en uso 

[TRACE] 21:17:35:410 planificador/(10501:10503): SOCKET LISTO PARA RECIBIR CONEXIONES. Numero de socket: 4, puerto: 4000
[TRACE] 21:19:51:807 planificador/(10647:10652): SOCKET LISTO PARA RECIBIR CONEXIONES. Numero de socket: 4, puerto: 4000
[TRACE] 19:39:57:899 planificador/(15104:15105): SOCKET LISTO PARA RECIBIR CONEXIONES. Numero de socket: 4, puerto: 4000
[ERROR] 19:41:48:572 planificador/(15173:15175): 
ERROR FATAL--> Error al hacer el Bind. El puerto está en uso 

[TRACE] 19:41:55:568 planificador/(15207:15212): SOCKET LISTO PARA RECIBIR CONEXIONES. Numero de socket: 4, puerto: 4000
[ERROR] 19:48:38:538 planificador/(15332:15337): 
ERROR FATAL--> Error al hacer el Bind. El puerto está en uso 

[TRACE] 19:48:45:157 planificador/(15397:15399): SOCKET LISTO PARA RECIBIR CONEXIONES. Numero de socket: 4, puerto: 4000
[TRACE] 11:50:01:482 planificador/(4997:5006): SOCKET LISTO PARA RECIBIR CONEXIONES. Numero de socket: 4, puerto: 4000
[TRACE] 12:10:01:701 planificador/(5218:5222): SOCKET LISTO PARA RECIBIR CONEXIONES. Numero de socket: 4, puerto: 4000
[TRACE] 12:19:01:869 planificador/(5301:5307): SOCKET LISTO PARA RECIBIR CONEXIONES. Numero de socket: 4, puerto: 4000
[TRACE] 12:25:54:32 planificador/(5438:5444): SOCKET LISTO PARA RECIBIR CONEXIONES. Numero de socket: 4, puerto: 4000
[TRACE] 14:24:20:320 planificador/(5644:5650): SOCKET LISTO PARA RECIBIR CONEXIONES. Numero de socket: 4, puerto: 4000
[TRACE] 14:29:26:261 planificador/(5787:5792): SOCKET LISTO PARA RECIBIR CONEXIONES. Numero de socket: 4, puerto: 4000
[TRACE] 14:30:02:287 planificador/(5870:5875): SOCKET LISTO PARA RECIBIR CONEXIONES. Numero de socket: 4, puerto: 4000
[TRACE] 14:31:50:499 planificador/(5934:5939): SOCKET LISTO PARA RECIBIR CONEXIONES. Numero de socket: 4, puerto: 4000
[TRACE] 14:33:10:862 planificador/(5993:5999): SOCKET LISTO PARA RECIBIR CONEXIONES. Numero de socket: 4, puerto: 4000
[TRACE] 14:35:10:820 planificador/(6077:6079): SOCKET LISTO PARA RECIBIR CONEXIONES. Numero de socket: 4, puerto: 4000
[TRACE] 14:37:10:657 planificador/(6159:6164): SOCKET LISTO PARA RECIBIR CONEXIONES. Numero de socket: 4, puerto: 4000
[TRACE] 14:37:44:460 planificador/(6204:6209): SOCKET LISTO PARA RECIBIR CONEXIONES. Numero de socket: 4, puerto: 4000
[TRACE] 14:40:38:526 planificador/(6339:6344): SOCKET LISTO PARA RECIBIR CONEXIONES. Numero de socket: 4, puerto: 4000
[TRACE] 14:41:20:541 planificador/(6407:6414): SOCKET LISTO PARA RECIBIR CONEXIONES. Numero de socket: 4, puerto: 4000
[TRACE] 14:45:05:466 planificador/(6536:6542): SOCKET LISTO PARA RECIBIR CONEXIONES. Numero de socket: 4, puerto: 4000
[TRACE] 14:47:32:643 planificador/(6630:6636): SOCKET LISTO PARA RECIBIR CONEXIONES. Numero de socket: 4, puerto: 4000
[TRACE] 16:38:09:953 planificador/(7610:7615): SOCKET LISTO PARA RECIBIR CONEXIONES. Numero de socket: 4, puerto: 4000
[TRACE] 16:42:02:707 planificador/(7858:7861): SOCKET LISTO PARA RECIBIR CONEXIONES. Numero de socket: 4, puerto: 4000
[ERROR] 16:42:24:85 planificador/(7902:7908): 
ERROR FATAL--> Error al hacer el Bind. El puerto está en uso 

[TRACE] 16:42:47:193 planificador/(7980:7985): SOCKET LISTO PARA RECIBIR CONEXIONES. Numero de socket: 4, puerto: 4000
[TRACE] 17:07:55:555 planificador/(8540:8549): SOCKET LISTO PARA RECIBIR CONEXIONES. Numero de socket: 4, puerto: 4000
[TRACE] 17:45:32:180 planificador/(9423:9428): SOCKET LISTO PARA RECIBIR CONEXIONES. Numero de socket: 4, puerto: 4000
[TRACE] 17:47:21:809 planificador/(9502:9507): SOCKET LISTO PARA RECIBIR CONEXIONES. Numero de socket: 4, puerto: 4000
[TRACE] 17:49:29:346 planificador/(9636:9641): SOCKET LISTO PARA RECIBIR CONEXIONES. Numero de socket: 4, puerto: 4000
[TRACE] 17:50:06:677 planificador/(9701:9707): SOCKET LISTO PARA RECIBIR CONEXIONES. Numero de socket: 4, puerto: 4000
[TRACE] 17:50:40:394 planificador/(9781:9787): SOCKET LISTO PARA RECIBIR CONEXIONES. Numero de socket: 4, puerto: 4000
[TRACE] 17:51:17:421 planificador/(9860:9866): SOCKET LISTO PARA RECIBIR CONEXIONES. Numero de socket: 4, puerto: 4000
[TRACE] 17:53:05:145 planificador/(9956:9966): SOCKET LISTO PARA RECIBIR CONEXIONES. Numero de socket: 4, puerto: 4000
[TRACE] 17:53:43:490 planificador/(10023:10028): SOCKET LISTO PARA RECIBIR CONEXIONES. Numero de socket: 4, puerto: 4000
[TRACE] 17:55:46:906 planificador/(10093:10099): SOCKET LISTO PARA RECIBIR CONEXIONES. Numero de socket: 4, puerto: 4000
[TRACE] 17:45:25:54 planificador/(5309:5310): SOCKET LISTO PARA RECIBIR CONEXIONES. Numero de socket: 4, puerto: 4000
[TRACE] 19:50:34:273 planificador/(4479:4480): SOCKET LISTO PARA RECIBIR CONEXIONES. Numero de socket: 4, puerto: 4000
[TRACE] 19:51:33:508 planificador/(4552:4554): SOCKET LISTO PARA RECIBIR CONEXIONES. Numero de socket: 4, puerto: 4000
[TRACE] 20:09:02:324 planificador/(5034:5035): SOCKET LISTO PARA RECIBIR CONEXIONES. Numero de socket: 4, puerto: 4000
[ERROR] 20:09:08:275 planificador/(5034:5042): 
ERROR FATAL--> Algoritmo de planificacion no disponible 

[TRACE] 20:09:41:457 planificador/(5076:5081): SOCKET LISTO PARA RECIBIR CONEXIONES. Numero de socket: 4, puerto: 4000
[ERROR] 20:10:05:764 planificador/(5076:5085): 
ERROR FATAL--> Algoritmo de planificacion no disponible 

[TRACE] 20:10:26:164 planificador/(5122:5125): SOCKET LISTO PARA RECIBIR CONEXIONES. Numero de socket: 4, puerto: 4000
[TRACE] 20:10:59:182 planificador/(5164:5193): SOCKET LISTO PARA RECIBIR CONEXIONES. Numero de socket: 4, puerto: 4000
[TRACE] 20:23:26:457 planificador/(5356:5364): SOCKET LISTO PARA RECIBIR CONEXIONES. Numero de socket: 4, puerto: 4000
[ERROR] 20:23:36:229 planificador/(5356:5366): 
ERROR FATAL--> Algoritmo de planificacion no disponible 

[TRACE] 20:28:49:540 planificador/(5537:5545): SOCKET LISTO PARA RECIBIR CONEXIONES. Numero de socket: 4, puerto: 4000
[TRACE] 20:30:27:789 planificador/(5643:5652): SOCKET LISTO PARA RECIBIR CONEXIONES. Numero de socket: 4, puerto: 4000
[TRACE] 20:35:02:903 planificador/(5769:5779): SOCKET LISTO PARA RECIBIR CONEXIONES. Numero de socket: 4, puerto: 4000
[ERROR] 20:35:41:42 planificador/(5845:5850): 
ERROR FATAL--> Error al hacer el Bind. El puerto está en uso 

[TRACE] 20:44:40:952 planificador/(6138:6147): SOCKET LISTO PARA RECIBIR CONEXIONES. Numero de socket: 4, puerto: 4000
[TRACE] 20:46:26:144 planificador/(6234:6243): SOCKET LISTO PARA RECIBIR CONEXIONES. Numero de socket: 4, puerto: 4000
[TRACE] 20:48:12:429 planificador/(6347:6355): SOCKET LISTO PARA RECIBIR CONEXIONES. Numero de socket: 4, puerto: 4000
[TRACE] 20:49:09:799 planificador/(6413:6422): SOCKET LISTO PARA RECIBIR CONEXIONES. Numero de socket: 4, puerto: 4000
[TRACE] 20:49:56:35 planificador/(6481:6489): SOCKET LISTO PARA RECIBIR CONEXIONES. Numero de socket: 4, puerto: 4000
[TRACE] 20:53:08:423 planificador/(6603:6610): SOCKET LISTO PARA RECIBIR CONEXIONES. Numero de socket: 4, puerto: 4000
[TRACE] 22:27:54:46 planificador/(18378:18379): SOCKET LISTO PARA RECIBIR CONEXIONES. Numero de socket: 4, puerto: 4000
[TRACE] 22:28:29:608 planificador/(18424:18430): SOCKET LISTO PARA RECIBIR CONEXIONES. Numero de socket: 4, puerto: 4000
[TRACE] 22:32:15:358 planificador/(18654:18659): SOCKET LISTO PARA RECIBIR CONEXIONES. Numero de socket: 4, puerto: 4000
[TRACE] 22:36:13:841 planificador/(18972:18978): SOCKET LISTO PARA RECIBIR CONEXIONES. Numero de socket: 4, puerto: 4000
[TRACE] 22:36:51:622 planificador/(19086:19092): SOCKET LISTO PARA RECIBIR CONEXIONES. Numero de socket: 4, puerto: 4000
[TRACE] 22:37:45:219 planificador/(19177:19183): SOCKET LISTO PARA RECIBIR CONEXIONES. Numero de socket: 4, puerto: 4000
[TRACE] 22:43:50:864 planificador/(19429:19434): SOCKET LISTO PARA RECIBIR CONEXIONES. Numero de socket: 4, puerto: 4000
[TRACE] 22:45:00:706 planificador/(19521:19526): SOCKET LISTO PARA RECIBIR CONEXIONES. Numero de socket: 4, puerto: 4000
[TRACE] 22:45:51:985 planificador/(19618:19623): SOCKET LISTO PARA RECIBIR CONEXIONES. Numero de socket: 4, puerto: 4000
[ERROR] 22:46:24:737 planificador/(19618:19626): No puedo enviar información a al cliente. Socket: 5
[ERROR] 22:46:31:413 planificador/(19618:19626): No se pudo ejecutar el proceso &d
[ERROR] 22:46:52:0 planificador/(19618:19673): No puedo enviar información a al cliente. Socket: 6
[ERROR] 22:46:52:0 planificador/(19618:19673): No se pudo ejecutar el proceso &d
[TRACE] 22:49:06:610 planificador/(19782:19787): SOCKET LISTO PARA RECIBIR CONEXIONES. Numero de socket: 4, puerto: 4000
[ERROR] 22:49:13:155 planificador/(19782:19790): No puedo enviar información a al cliente. Socket: 5
[ERROR] 22:49:17:26 planificador/(19782:19790): No se pudo ejecutar el proceso &d
[ERROR] 22:49:35:967 planificador/(19782:19803): No puedo enviar información a al cliente. Socket: 6
[ERROR] 22:49:35:967 planificador/(19782:19803): No se pudo ejecutar el proceso &d
[ERROR] 22:50:08:78 planificador/(19782:19806): No puedo enviar información a al cliente. Socket: 7
[ERROR] 22:50:08:78 planificador/(19782:19806): No se pudo ejecutar el proceso &d
[TRACE] 22:50:38:362 planificador/(19847:19853): SOCKET LISTO PARA RECIBIR CONEXIONES. Numero de socket: 4, puerto: 4000
[ERROR] 22:50:47:581 planificador/(19847:19856): No puedo enviar información a al cliente. Socket: 5
[ERROR] 22:50:47:581 planificador/(19847:19856): No se pudo ejecutar el proceso &d
[ERROR] 22:50:55:318 planificador/(19847:19859): No puedo enviar información a al cliente. Socket: 6
[ERROR] 22:50:55:319 planificador/(19847:19859): No se pudo ejecutar el proceso &d
[ERROR] 22:51:05:272 planificador/(19847:19862): No puedo enviar información a al cliente. Socket: 7
[ERROR] 22:51:05:272 planificador/(19847:19862): No se pudo ejecutar el proceso &d
[TRACE] 22:52:11:694 planificador/(19947:19953): SOCKET LISTO PARA RECIBIR CONEXIONES. Numero de socket: 4, puerto: 4000
[ERROR] 22:52:20:482 planificador/(19947:19956): No puedo enviar información a al cliente. Socket: 5
[ERROR] 22:52:20:482 planificador/(19947:19956): No se pudo ejecutar el proceso &d
[ERROR] 22:52:28:144 planificador/(19947:19959): No puedo enviar información a al cliente. Socket: 6
[ERROR] 22:52:28:145 planificador/(19947:19959): No se pudo ejecutar el proceso &d
[ERROR] 22:52:34:506 planificador/(19947:19962): No puedo enviar información a al cliente. Socket: 7
[ERROR] 22:52:34:506 planificador/(19947:19962): No se pudo ejecutar el proceso &d
[TRACE] 22:59:43:704 planificador/(20292:20297): SOCKET LISTO PARA RECIBIR CONEXIONES. Numero de socket: 4, puerto: 4000
[ERROR] 22:59:48:494 planificador/(20292:20301): No puedo enviar información a al cliente. Socket: 5
[ERROR] 22:59:48:494 planificador/(20292:20301): No se pudo ejecutar el proceso &d
[ERROR] 22:59:54:685 planificador/(20292:20304): No puedo enviar información a al cliente. Socket: 6
[ERROR] 22:59:54:685 planificador/(20292:20304): No se pudo ejecutar el proceso &d
[ERROR] 23:00:01:624 planificador/(20292:20307): No puedo enviar información a al cliente. Socket: 7
[ERROR] 23:00:01:624 planificador/(20292:20307): No se pudo ejecutar el proceso &d
[ERROR] 23:00:26:997 planificador/(20292:20316): No puedo enviar información a al cliente. Socket: 6
[ERROR] 23:00:29:108 planificador/(20292:20316): No se pudo ejecutar el proceso &d
[ERROR] 23:00:51:287 planificador/(20292:20334): No puedo enviar información a al cliente. Socket: 5
[ERROR] 23:00:51:287 planificador/(20292:20334): No se pudo ejecutar el proceso &d
[ERROR] 23:01:26:981 planificador/(20292:20344): No puedo enviar información a al cliente. Socket: 6
[ERROR] 23:01:26:981 planificador/(20292:20344): No se pudo ejecutar el proceso &d
[TRACE] 23:01:55:682 planificador/(20436:20441): SOCKET LISTO PARA RECIBIR CONEXIONES. Numero de socket: 4, puerto: 4000
[ERROR] 23:02:07:319 planificador/(20436:20444): No puedo enviar información a al cliente. Socket: 5
[ERROR] 23:02:07:319 planificador/(20436:20444): No se pudo ejecutar el proceso &d
[ERROR] 23:02:12:772 planificador/(20436:20448): No puedo enviar información a al cliente. Socket: 6
[ERROR] 23:02:12:772 planificador/(20436:20448): No se pudo ejecutar el proceso &d
[ERROR] 23:02:18:703 planificador/(20436:20449): No puedo enviar información a al cliente. Socket: 7
[ERROR] 23:02:18:703 planificador/(20436:20449): No se pudo ejecutar el proceso &d
[ERROR] 23:02:35:323 planificador/(20436:20452): No puedo enviar información a al cliente. Socket: 5
[ERROR] 23:02:35:324 planificador/(20436:20452): No se pudo ejecutar el proceso &d
