[ERROR] 20:07:28:517 swap/(6006:6006): 
ERROR FATAL--> No se pudo abrir el archivo de configuracion 

[ERROR] 20:08:38:315 swap/(6028:6028): 
ERROR FATAL--> No se pudo abrir el archivo de configuracion 

[TRACE] 15:07:08:751 swap/(4190:4226): SOCKET LISTO PARA RECIBIR CONEXIONES. Numero de socket: 4, puerto: 8080
[TRACE] 15:13:50:442 swap/(4521:4524): SOCKET LISTO PARA RECIBIR CONEXIONES. Numero de socket: 4, puerto: 6000
[TRACE] 15:14:08:250 swap/(4521:4524): NUEVA CONEXION ENTRANTE. Se ha conectado el cliente (127.0.0.1) por el puerto (27873). El número de socket del cliente es: 5
[TRACE] 15:17:48:491 swap/(4521:4547): RECIBO DATOS. socket: 5. tamanio buffer:38
[INFO] 15:17:48:491 swap/(4521:4547): ENVIO DATOS. socket: 5. Cantidad Enviada:66 
[ERROR] 17:10:54:126 swap/(7379:7379): 
ERROR FATAL--> error al crear la particion de swap 

[ERROR] 17:11:27:807 swap/(7421:7421): 
ERROR FATAL--> error al crear la particion de swap 

[TRACE] 17:15:28:984 swap/(7923:7933): SOCKET LISTO PARA RECIBIR CONEXIONES. Numero de socket: 4, puerto: 6000
[TRACE] 17:16:48:622 swap/(8031:8040): SOCKET LISTO PARA RECIBIR CONEXIONES. Numero de socket: 4, puerto: 6000
[TRACE] 17:18:59:350 swap/(8204:8224): SOCKET LISTO PARA RECIBIR CONEXIONES. Numero de socket: 4, puerto: 6000
[TRACE] 17:26:47:134 swap/(8600:8602): SOCKET LISTO PARA RECIBIR CONEXIONES. Numero de socket: 4, puerto: 6000
[TRACE] 17:29:08:186 swap/(8790:8797): SOCKET LISTO PARA RECIBIR CONEXIONES. Numero de socket: 4, puerto: 6000
[ERROR] 17:52:06:630 swap/(9434:9442): 
ERROR FATAL--> Error al hacer el Bind. El puerto está en uso 

